<?xml version="1.0" encoding="UTF-8"?>
<!-- Generated by org.testng.reporters.JUnitXMLReporter -->
<testsuite ignored="0" hostname="000D2023258" failures="0" tests="7" name="Surefire test" time="0.057" errors="0" timestamp="2023-12-20T10:50:19 CST">
  <testcase classname="entryEncoder.EncoderTest" name="@BeforeTest InitializeBrowser" time="-1.703040619065E9">
    <failure type="org.testng.TestNGException" message="
Parameter &amp;apos;browserName&amp;apos; is required by BeforeTest on method InitializeBrowser but has not been marked @Optional or defined
">
      <![CDATA[org.testng.TestNGException: 
Parameter 'browserName' is required by BeforeTest on method InitializeBrowser but has not been marked @Optional or defined

... Removed 26 stack frames]]>
    </failure>
  </testcase> <!-- @BeforeTest InitializeBrowser -->
  <testcase classname="entryEncoder.EncoderTest" name="@AfterTest LogoutApp" time="0.0">
    <skipped/>
  </testcase> <!-- @AfterTest LogoutApp -->
  <testcase classname="entryEncoder.EncoderTest" name="AppLogin" time="0.0">
    <skipped/>
  </testcase> <!-- AppLogin -->
  <testcase classname="entryEncoder.EncoderTest" name="CaptureVehicleUIValidation" time="0.0">
    <skipped/>
  </testcase> <!-- CaptureVehicleUIValidation -->
  <testcase classname="entryEncoder.EncoderTest" name="ProfileSwitching" time="0.0">
    <skipped/>
  </testcase> <!-- ProfileSwitching -->
  <testcase classname="entryEncoder.EncoderTest" name="ViewParkedVehiclesUIValidation" time="0.0">
    <skipped/>
  </testcase> <!-- ViewParkedVehiclesUIValidation -->
  <testcase classname="entryEncoder.EncoderTest" name="CarNumberCapturing" time="0.001">
    <skipped/>
  </testcase> <!-- CarNumberCapturing -->
  <testcase classname="entryEncoder.EncoderTest" name="MotorcycleCapture" time="0.001">
    <skipped/>
  </testcase> <!-- MotorcycleCapture -->
  <testcase classname="entryEncoder.EncoderTest" name="SearchTest" time="0.0">
    <skipped/>
  </testcase> <!-- SearchTest -->
</testsuite> <!-- Surefire test -->
