<?xml version="1.0" encoding="UTF-8"?>
<!-- Generated by org.testng.reporters.JUnitXMLReporter -->
<testsuite ignored="0" hostname="000D2023258" failures="0" tests="0" time="0.042" errors="0" timestamp="2023-12-26T15:34:38 CST">
  <testcase classname="entryEncoder.EncoderTest" name="@BeforeTest InitializeBrowser" time="-1.70357607844E9">
    <failure type="org.testng.TestNGException" message="
Parameter &amp;apos;browserName&amp;apos; is required by BeforeTest on method InitializeBrowser but has not been marked @Optional or defined
in C:\Users\ren.castillano\Desktop\EclipseWorkspace\EncoderHUBSeleniumJAVA\EncoderHUB\testng.xml">
      <![CDATA[org.testng.TestNGException: 
Parameter 'browserName' is required by BeforeTest on method InitializeBrowser but has not been marked @Optional or defined
in C:\Users\ren.castillano\Desktop\EclipseWorkspace\EncoderHUBSeleniumJAVA\EncoderHUB\testng.xml
... Removed 21 stack frames]]>
    </failure>
  </testcase> <!-- @BeforeTest InitializeBrowser -->
  <testcase classname="entryEncoder.EncoderTest" name="@AfterTest LogoutApp" time="0.0">
    <skipped/>
  </testcase> <!-- @AfterTest LogoutApp -->
</testsuite>
